system   D            wsystem.c:583  maybe_parent_dir                 [   0.00098] Also searching C:\Users\Michael Moffitt\Documents\GitHub\ATB\src\atb\
system   D            wsystem.c:633  _al_win_safe_load_library        [   0.00164] PathFindOnPath found: C:\Windows\system32\d3d9.dll
system   D            wsystem.c:544  load_library_at_path             [   0.00171] Calling LoadLibrary C:\Windows\system32\d3d9.dll
system   I            wsystem.c:547  load_library_at_path             [   0.02486] Loaded C:\Windows\system32\d3d9.dll
d3d      I         d3d_disp.cpp:695  _al_d3d_init_display             [   0.05335] Render-to-texture: 1
system   I             system.c:272  al_install_system                [   0.05343] Allegro version: 5.0.8
audio-dsound D           dsound.cpp:234  _dsound_open                     [   0.05374] Loading DirectSound module
system   D            wsystem.c:583  maybe_parent_dir                 [   0.05404] Also searching C:\Users\Michael Moffitt\Documents\GitHub\ATB\src\atb\
system   D            wsystem.c:633  _al_win_safe_load_library        [   0.05435] PathFindOnPath found: C:\Windows\system32\dsound.dll
system   D            wsystem.c:544  load_library_at_path             [   0.05438] Calling LoadLibrary C:\Windows\system32\dsound.dll
system   I            wsystem.c:547  load_library_at_path             [   0.06342] Loaded C:\Windows\system32\dsound.dll
audio-dsound I           dsound.cpp:251  _dsound_open                     [   0.06357] Starting DirectSound...
audio-dsound D           dsound.cpp:261  _dsound_open                     [   0.09912] DirectSoundCreate8 succeeded
audio    I              audio.c:286  do_install_audio                 [   0.10094] Using DirectSound driver
audio-dsound D           dsound.cpp:296  _dsound_allocate_voice           [   0.10107] Allocating voice
audio-dsound D           dsound.cpp:355  _dsound_allocate_voice           [   0.10111] Allocated voice
dtor     D               dtor.c:184  _al_register_destructor          [   0.10115] added dtor for object 027A7218, func 5D99251D
dtor     D               dtor.c:184  _al_register_destructor          [   0.10119] added dtor for object 027A7470, func 5D992919
audio-dsound D           dsound.cpp:452  _dsound_start_voice              [   0.10122] Starting voice
audio-dsound D           dsound.cpp:481  _dsound_start_voice              [   0.10124] CreateSoundBuffer
audio-dsound D           dsound.cpp:490  _dsound_start_voice              [   0.10242] CreateSoundBuffer succeeded
audio-dsound D           dsound.cpp:496  _dsound_start_voice              [   0.10246] Starting _dsound_update thread
audio-dsound I           dsound.cpp:506  _dsound_start_voice              [   0.10291] Voice started
dtor     D               dtor.c:184  _al_register_destructor          [   0.10297] added dtor for object 027A7998, func 5D9923F6
audio    D          kcm_mixer.c:121  _al_rechannel_matrix             [   0.10301] sample matrix:
audio    D          kcm_mixer.c:127  _al_rechannel_matrix             [   0.10305] 
audio    D          kcm_mixer.c:127  _al_rechannel_matrix             [   0.10307] 
dtor     D               dtor.c:184  _al_register_destructor          [   0.10311] added dtor for object 027A7DE8, func 5D9923F6
audio    D          kcm_mixer.c:121  _al_rechannel_matrix             [   0.10314] sample matrix:
audio    D          kcm_mixer.c:127  _al_rechannel_matrix             [   0.10316] 
audio    D          kcm_mixer.c:127  _al_rechannel_matrix             [   0.10319] 
dtor     D               dtor.c:184  _al_register_destructor          [   0.10322] added dtor for object 027A77E8, func 5D9923F6
audio    D          kcm_mixer.c:121  _al_rechannel_matrix             [   0.10326] sample matrix:
audio    D          kcm_mixer.c:127  _al_rechannel_matrix             [   0.10329] 
audio    D          kcm_mixer.c:127  _al_rechannel_matrix             [   0.10331] 
dtor     D               dtor.c:184  _al_register_destructor          [   0.10335] added dtor for object 027ABF40, func 5D9923F6
audio    D          kcm_mixer.c:121  _al_rechannel_matrix             [   0.10342] sample matrix:
audio    D          kcm_mixer.c:127  _al_rechannel_matrix             [   0.10345] 
audio    D          kcm_mixer.c:127  _al_rechannel_matrix             [   0.10347] 
dtor     D               dtor.c:184  _al_register_destructor          [   0.10351] added dtor for object 027AC0B8, func 5D9923F6
audio    D          kcm_mixer.c:121  _al_rechannel_matrix             [   0.10354] sample matrix:
audio    D          kcm_mixer.c:127  _al_rechannel_matrix             [   0.10357] 
audio    D          kcm_mixer.c:127  _al_rechannel_matrix             [   0.10359] 
dtor     D               dtor.c:184  _al_register_destructor          [   0.10362] added dtor for object 027AC1D0, func 5D9923F6
audio    D          kcm_mixer.c:121  _al_rechannel_matrix             [   0.10364] sample matrix:
audio    D          kcm_mixer.c:127  _al_rechannel_matrix             [   0.10366] 
audio    D          kcm_mixer.c:127  _al_rechannel_matrix             [   0.10369] 
dtor     D               dtor.c:184  _al_register_destructor          [   0.10372] added dtor for object 027AC2E8, func 5D9923F6
audio    D          kcm_mixer.c:121  _al_rechannel_matrix             [   0.10375] sample matrix:
audio    D          kcm_mixer.c:127  _al_rechannel_matrix             [   0.10377] 
audio    D          kcm_mixer.c:127  _al_rechannel_matrix             [   0.10379] 
dtor     D               dtor.c:184  _al_register_destructor          [   0.10387] added dtor for object 027AC4C0, func 5D9923F6
audio    D          kcm_mixer.c:121  _al_rechannel_matrix             [   0.10390] sample matrix:
audio    D          kcm_mixer.c:127  _al_rechannel_matrix             [   0.10392] 
audio    D          kcm_mixer.c:127  _al_rechannel_matrix             [   0.10394] 
dtor     D               dtor.c:184  _al_register_destructor          [   0.10399] added dtor for object 027AC6D8, func 5D9923F6
audio    D          kcm_mixer.c:121  _al_rechannel_matrix             [   0.10427] sample matrix:
audio    D          kcm_mixer.c:127  _al_rechannel_matrix             [   0.10429] 
audio    D          kcm_mixer.c:127  _al_rechannel_matrix             [   0.10432] 
dtor     D               dtor.c:184  _al_register_destructor          [   0.10434] added dtor for object 027AC870, func 5D9923F6
audio    D          kcm_mixer.c:121  _al_rechannel_matrix             [   0.10437] sample matrix:
audio    D          kcm_mixer.c:127  _al_rechannel_matrix             [   0.10439] 
audio    D          kcm_mixer.c:127  _al_rechannel_matrix             [   0.10441] 
dtor     D               dtor.c:184  _al_register_destructor          [   0.10444] added dtor for object 027AC988, func 5D9923F6
audio    D          kcm_mixer.c:121  _al_rechannel_matrix             [   0.10446] sample matrix:
audio    D          kcm_mixer.c:127  _al_rechannel_matrix             [   0.10449] 
audio    D          kcm_mixer.c:127  _al_rechannel_matrix             [   0.10451] 
dtor     D               dtor.c:184  _al_register_destructor          [   0.10454] added dtor for object 027ACAA0, func 5D9923F6
audio    D          kcm_mixer.c:121  _al_rechannel_matrix             [   0.10456] sample matrix:
audio    D          kcm_mixer.c:127  _al_rechannel_matrix             [   0.10458] 
audio    D          kcm_mixer.c:127  _al_rechannel_matrix             [   0.10460] 
dtor     D               dtor.c:184  _al_register_destructor          [   0.10464] added dtor for object 027ACBF8, func 5D9923F6
audio    D          kcm_mixer.c:121  _al_rechannel_matrix             [   0.10466] sample matrix:
audio    D          kcm_mixer.c:127  _al_rechannel_matrix             [   0.10468] 
audio    D          kcm_mixer.c:127  _al_rechannel_matrix             [   0.10471] 
dtor     D               dtor.c:184  _al_register_destructor          [   0.10474] added dtor for object 027ACD50, func 5D9923F6
audio    D          kcm_mixer.c:121  _al_rechannel_matrix             [   0.10476] sample matrix:
audio    D          kcm_mixer.c:127  _al_rechannel_matrix             [   0.10478] 
audio    D          kcm_mixer.c:127  _al_rechannel_matrix             [   0.10481] 
dtor     D               dtor.c:184  _al_register_destructor          [   0.10485] added dtor for object 027ACEA8, func 5D9923F6
audio    D          kcm_mixer.c:121  _al_rechannel_matrix             [   0.10487] sample matrix:
audio    D          kcm_mixer.c:127  _al_rechannel_matrix             [   0.10489] 
audio    D          kcm_mixer.c:127  _al_rechannel_matrix             [   0.10491] 
dtor     D               dtor.c:184  _al_register_destructor          [   0.10494] added dtor for object 027AD100, func 5D9923F6
audio    D          kcm_mixer.c:121  _al_rechannel_matrix             [   0.10497] sample matrix:
audio    D          kcm_mixer.c:127  _al_rechannel_matrix             [   0.10499] 
audio    D          kcm_mixer.c:127  _al_rechannel_matrix             [   0.10501] 
d3d      I         d3d_disp.cpp:1732 d3d_create_display_locked        [   0.10581] faux_fullscreen=0
d3d      D         d3d_disp.cpp:1733 d3d_create_display_locked        [   0.10584] al_display=027AD2E0
d3d      D         d3d_disp.cpp:1734 d3d_create_display_locked        [   0.10586] al_display->vt=027AD218
d3d      I d3d_display_formats.cpp:144  _al_d3d_generate_display_format_list [   0.11124] found 128 format combinations
display  D   display_settings.c:191  debug_display_settings           [   0.11130] color: 32 (rgba 8880), depth: 0, stencil: 0, acc: 0000, samples: 0/0
display  D   display_settings.c:506  _al_score_display_settings       [   0.11133] Score is : 769
display  D   display_settings.c:191  debug_display_settings           [   0.11136] color: 32 (rgba 8880), depth: 0, stencil: 0, acc: 0000, samples: 0/0
display  D   display_settings.c:506  _al_score_display_settings       [   0.11138] Score is : 769
display  D   display_settings.c:191  debug_display_settings           [   0.11140] color: 32 (rgba 8880), depth: 0, stencil: 0, acc: 0000, samples: 2/1
display  D   display_settings.c:506  _al_score_display_settings       [   0.11143] Score is : 598
display  D   display_settings.c:191  debug_display_settings           [   0.11145] color: 32 (rgba 8880), depth: 0, stencil: 0, acc: 0000, samples: 3/1
display  D   display_settings.c:506  _al_score_display_settings       [   0.11148] Score is : 593
display  D   display_settings.c:191  debug_display_settings           [   0.11150] color: 32 (rgba 8880), depth: 24, stencil: 8, acc: 0000, samples: 0/0
display  D   display_settings.c:506  _al_score_display_settings       [   0.11152] Score is : 769
display  D   display_settings.c:191  debug_display_settings           [   0.11154] color: 32 (rgba 8880), depth: 24, stencil: 8, acc: 0000, samples: 0/0
display  D   display_settings.c:506  _al_score_display_settings       [   0.11157] Score is : 769
display  D   display_settings.c:191  debug_display_settings           [   0.11159] color: 32 (rgba 8880), depth: 24, stencil: 8, acc: 0000, samples: 2/1
display  D   display_settings.c:506  _al_score_display_settings       [   0.11161] Score is : 598
display  D   display_settings.c:191  debug_display_settings           [   0.11163] color: 32 (rgba 8880), depth: 24, stencil: 8, acc: 0000, samples: 3/1
display  D   display_settings.c:506  _al_score_display_settings       [   0.11166] Score is : 593
display  D   display_settings.c:191  debug_display_settings           [   0.11168] color: 32 (rgba 8880), depth: 24, stencil: 0, acc: 0000, samples: 0/0
display  D   display_settings.c:506  _al_score_display_settings       [   0.11171] Score is : 769
display  D   display_settings.c:191  debug_display_settings           [   0.11173] color: 32 (rgba 8880), depth: 24, stencil: 0, acc: 0000, samples: 0/0
display  D   display_settings.c:506  _al_score_display_settings       [   0.11175] Score is : 769
display  D   display_settings.c:191  debug_display_settings           [   0.11177] color: 32 (rgba 8880), depth: 24, stencil: 0, acc: 0000, samples: 2/1
display  D   display_settings.c:506  _al_score_display_settings       [   0.11180] Score is : 598
display  D   display_settings.c:191  debug_display_settings           [   0.11182] color: 32 (rgba 8880), depth: 24, stencil: 0, acc: 0000, samples: 3/1
display  D   display_settings.c:506  _al_score_display_settings       [   0.11185] Score is : 593
display  D   display_settings.c:191  debug_display_settings           [   0.11187] color: 32 (rgba 8880), depth: 16, stencil: 0, acc: 0000, samples: 0/0
display  D   display_settings.c:506  _al_score_display_settings       [   0.11190] Score is : 769
display  D   display_settings.c:191  debug_display_settings           [   0.11192] color: 32 (rgba 8880), depth: 16, stencil: 0, acc: 0000, samples: 0/0
display  D   display_settings.c:506  _al_score_display_settings       [   0.11194] Score is : 769
display  D   display_settings.c:191  debug_display_settings           [   0.11196] color: 32 (rgba 8880), depth: 16, stencil: 0, acc: 0000, samples: 2/1
display  D   display_settings.c:506  _al_score_display_settings       [   0.11199] Score is : 598
display  D   display_settings.c:191  debug_display_settings           [   0.11201] color: 32 (rgba 8880), depth: 16, stencil: 0, acc: 0000, samples: 3/1
display  D   display_settings.c:506  _al_score_display_settings       [   0.11203] Score is : 593
display  D   display_settings.c:191  debug_display_settings           [   0.11206] color: 16 (rgba 5650), depth: 0, stencil: 0, acc: 0000, samples: 0/0
display  D   display_settings.c:506  _al_score_display_settings       [   0.11208] Score is : 769
display  D   display_settings.c:191  debug_display_settings           [   0.11210] color: 16 (rgba 5650), depth: 0, stencil: 0, acc: 0000, samples: 0/0
display  D   display_settings.c:506  _al_score_display_settings       [   0.11213] Score is : 769
display  D   display_settings.c:191  debug_display_settings           [   0.11217] color: 16 (rgba 5650), depth: 0, stencil: 0, acc: 0000, samples: 2/1
display  D   display_settings.c:506  _al_score_display_settings       [   0.11220] Score is : 598
display  D   display_settings.c:191  debug_display_settings           [   0.11222] color: 16 (rgba 5650), depth: 0, stencil: 0, acc: 0000, samples: 3/1
display  D   display_settings.c:506  _al_score_display_settings       [   0.11224] Score is : 593
display  D   display_settings.c:191  debug_display_settings           [   0.11226] color: 16 (rgba 5650), depth: 24, stencil: 8, acc: 0000, samples: 0/0
display  D   display_settings.c:506  _al_score_display_settings       [   0.11229] Score is : 769
display  D   display_settings.c:191  debug_display_settings           [   0.11231] color: 16 (rgba 5650), depth: 24, stencil: 8, acc: 0000, samples: 0/0
display  D   display_settings.c:506  _al_score_display_settings       [   0.11234] Score is : 769
display  D   display_settings.c:191  debug_display_settings           [   0.11236] color: 16 (rgba 5650), depth: 24, stencil: 8, acc: 0000, samples: 2/1
display  D   display_settings.c:506  _al_score_display_settings       [   0.11238] Score is : 598
display  D   display_settings.c:191  debug_display_settings           [   0.11240] color: 16 (rgba 5650), depth: 24, stencil: 8, acc: 0000, samples: 3/1
display  D   display_settings.c:506  _al_score_display_settings       [   0.11243] Score is : 593
display  D   display_settings.c:191  debug_display_settings           [   0.11245] color: 16 (rgba 5650), depth: 24, stencil: 0, acc: 0000, samples: 0/0
display  D   display_settings.c:506  _al_score_display_settings       [   0.11247] Score is : 769
display  D   display_settings.c:191  debug_display_settings           [   0.11249] color: 16 (rgba 5650), depth: 24, stencil: 0, acc: 0000, samples: 0/0
display  D   display_settings.c:506  _al_score_display_settings       [   0.11252] Score is : 769
display  D   display_settings.c:191  debug_display_settings           [   0.11254] color: 16 (rgba 5650), depth: 24, stencil: 0, acc: 0000, samples: 2/1
display  D   display_settings.c:506  _al_score_display_settings       [   0.11257] Score is : 598
display  D   display_settings.c:191  debug_display_settings           [   0.11263] color: 16 (rgba 5650), depth: 24, stencil: 0, acc: 0000, samples: 3/1
display  D   display_settings.c:506  _al_score_display_settings       [   0.11266] Score is : 593
display  D   display_settings.c:191  debug_display_settings           [   0.11268] color: 16 (rgba 5650), depth: 16, stencil: 0, acc: 0000, samples: 0/0
display  D   display_settings.c:506  _al_score_display_settings       [   0.11271] Score is : 769
display  D   display_settings.c:191  debug_display_settings           [   0.11273] color: 16 (rgba 5650), depth: 16, stencil: 0, acc: 0000, samples: 0/0
display  D   display_settings.c:506  _al_score_display_settings       [   0.11276] Score is : 769
display  D   display_settings.c:191  debug_display_settings           [   0.11278] color: 16 (rgba 5650), depth: 16, stencil: 0, acc: 0000, samples: 2/1
display  D   display_settings.c:506  _al_score_display_settings       [   0.11280] Score is : 598
display  D   display_settings.c:191  debug_display_settings           [   0.11283] color: 16 (rgba 5650), depth: 16, stencil: 0, acc: 0000, samples: 3/1
display  D   display_settings.c:506  _al_score_display_settings       [   0.11285] Score is : 593
display  D   display_settings.c:191  debug_display_settings           [   0.11287] color: 32 (rgba 8880), depth: 0, stencil: 0, acc: 0000, samples: 0/0
display  D   display_settings.c:377  _al_score_display_settings       [   0.11290] Single Buffer requirement not met.
display  D   display_settings.c:191  debug_display_settings           [   0.11292] color: 32 (rgba 8880), depth: 0, stencil: 0, acc: 0000, samples: 0/0
display  D   display_settings.c:377  _al_score_display_settings       [   0.11295] Single Buffer requirement not met.
display  D   display_settings.c:191  debug_display_settings           [   0.11297] color: 32 (rgba 8880), depth: 0, stencil: 0, acc: 0000, samples: 2/1
display  D   display_settings.c:377  _al_score_display_settings       [   0.11299] Single Buffer requirement not met.
display  D   display_settings.c:191  debug_display_settings           [   0.11302] color: 32 (rgba 8880), depth: 0, stencil: 0, acc: 0000, samples: 3/1
display  D   display_settings.c:377  _al_score_display_settings       [   0.11304] Single Buffer requirement not met.
display  D   display_settings.c:191  debug_display_settings           [   0.11306] color: 32 (rgba 8880), depth: 24, stencil: 8, acc: 0000, samples: 0/0
display  D   display_settings.c:377  _al_score_display_settings       [   0.11309] Single Buffer requirement not met.
display  D   display_settings.c:191  debug_display_settings           [   0.11311] color: 32 (rgba 8880), depth: 24, stencil: 8, acc: 0000, samples: 0/0
display  D   display_settings.c:377  _al_score_display_settings       [   0.11315] Single Buffer requirement not met.
display  D   display_settings.c:191  debug_display_settings           [   0.11317] color: 32 (rgba 8880), depth: 24, stencil: 8, acc: 0000, samples: 2/1
display  D   display_settings.c:377  _al_score_display_settings       [   0.11320] Single Buffer requirement not met.
display  D   display_settings.c:191  debug_display_settings           [   0.11322] color: 32 (rgba 8880), depth: 24, stencil: 8, acc: 0000, samples: 3/1
display  D   display_settings.c:377  _al_score_display_settings       [   0.11324] Single Buffer requirement not met.
display  D   display_settings.c:191  debug_display_settings           [   0.11327] color: 32 (rgba 8880), depth: 24, stencil: 0, acc: 0000, samples: 0/0
display  D   display_settings.c:377  _al_score_display_settings       [   0.11329] Single Buffer requirement not met.
display  D   display_settings.c:191  debug_display_settings           [   0.11331] color: 32 (rgba 8880), depth: 24, stencil: 0, acc: 0000, samples: 0/0
display  D   display_settings.c:377  _al_score_display_settings       [   0.11334] Single Buffer requirement not met.
display  D   display_settings.c:191  debug_display_settings           [   0.11336] color: 32 (rgba 8880), depth: 24, stencil: 0, acc: 0000, samples: 2/1
display  D   display_settings.c:377  _al_score_display_settings       [   0.11339] Single Buffer requirement not met.
display  D   display_settings.c:191  debug_display_settings           [   0.11341] color: 32 (rgba 8880), depth: 24, stencil: 0, acc: 0000, samples: 3/1
display  D   display_settings.c:377  _al_score_display_settings       [   0.11345] Single Buffer requirement not met.
display  D   display_settings.c:191  debug_display_settings           [   0.11347] color: 32 (rgba 8880), depth: 16, stencil: 0, acc: 0000, samples: 0/0
display  D   display_settings.c:377  _al_score_display_settings       [   0.11350] Single Buffer requirement not met.
display  D   display_settings.c:191  debug_display_settings           [   0.11352] color: 32 (rgba 8880), depth: 16, stencil: 0, acc: 0000, samples: 0/0
display  D   display_settings.c:377  _al_score_display_settings       [   0.11355] Single Buffer requirement not met.
display  D   display_settings.c:191  debug_display_settings           [   0.11357] color: 32 (rgba 8880), depth: 16, stencil: 0, acc: 0000, samples: 2/1
display  D   display_settings.c:377  _al_score_display_settings       [   0.11359] Single Buffer requirement not met.
display  D   display_settings.c:191  debug_display_settings           [   0.11362] color: 32 (rgba 8880), depth: 16, stencil: 0, acc: 0000, samples: 3/1
display  D   display_settings.c:377  _al_score_display_settings       [   0.11364] Single Buffer requirement not met.
display  D   display_settings.c:191  debug_display_settings           [   0.11366] color: 16 (rgba 5650), depth: 0, stencil: 0, acc: 0000, samples: 0/0
display  D   display_settings.c:377  _al_score_display_settings       [   0.11369] Single Buffer requirement not met.
display  D   display_settings.c:191  debug_display_settings           [   0.11371] color: 16 (rgba 5650), depth: 0, stencil: 0, acc: 0000, samples: 0/0
display  D   display_settings.c:377  _al_score_display_settings       [   0.11373] Single Buffer requirement not met.
display  D   display_settings.c:191  debug_display_settings           [   0.11376] color: 16 (rgba 5650), depth: 0, stencil: 0, acc: 0000, samples: 2/1
display  D   display_settings.c:377  _al_score_display_settings       [   0.11378] Single Buffer requirement not met.
display  D   display_settings.c:191  debug_display_settings           [   0.11380] color: 16 (rgba 5650), depth: 0, stencil: 0, acc: 0000, samples: 3/1
display  D   display_settings.c:377  _al_score_display_settings       [   0.11383] Single Buffer requirement not met.
display  D   display_settings.c:191  debug_display_settings           [   0.11385] color: 16 (rgba 5650), depth: 24, stencil: 8, acc: 0000, samples: 0/0
display  D   display_settings.c:377  _al_score_display_settings       [   0.11387] Single Buffer requirement not met.
display  D   display_settings.c:191  debug_display_settings           [   0.11390] color: 16 (rgba 5650), depth: 24, stencil: 8, acc: 0000, samples: 0/0
display  D   display_settings.c:377  _al_score_display_settings       [   0.11392] Single Buffer requirement not met.
display  D   display_settings.c:191  debug_display_settings           [   0.11394] color: 16 (rgba 5650), depth: 24, stencil: 8, acc: 0000, samples: 2/1
display  D   display_settings.c:377  _al_score_display_settings       [   0.11397] Single Buffer requirement not met.
display  D   display_settings.c:191  debug_display_settings           [   0.11399] color: 16 (rgba 5650), depth: 24, stencil: 8, acc: 0000, samples: 3/1
display  D   display_settings.c:377  _al_score_display_settings       [   0.11402] Single Buffer requirement not met.
display  D   display_settings.c:191  debug_display_settings           [   0.11404] color: 16 (rgba 5650), depth: 24, stencil: 0, acc: 0000, samples: 0/0
display  D   display_settings.c:377  _al_score_display_settings       [   0.11406] Single Buffer requirement not met.
display  D   display_settings.c:191  debug_display_settings           [   0.11409] color: 16 (rgba 5650), depth: 24, stencil: 0, acc: 0000, samples: 0/0
display  D   display_settings.c:377  _al_score_display_settings       [   0.11411] Single Buffer requirement not met.
display  D   display_settings.c:191  debug_display_settings           [   0.11415] color: 16 (rgba 5650), depth: 24, stencil: 0, acc: 0000, samples: 2/1
display  D   display_settings.c:377  _al_score_display_settings       [   0.11417] Single Buffer requirement not met.
display  D   display_settings.c:191  debug_display_settings           [   0.11420] color: 16 (rgba 5650), depth: 24, stencil: 0, acc: 0000, samples: 3/1
display  D   display_settings.c:377  _al_score_display_settings       [   0.11424] Single Buffer requirement not met.
display  D   display_settings.c:191  debug_display_settings           [   0.11427] color: 16 (rgba 5650), depth: 16, stencil: 0, acc: 0000, samples: 0/0
display  D   display_settings.c:377  _al_score_display_settings       [   0.11430] Single Buffer requirement not met.
display  D   display_settings.c:191  debug_display_settings           [   0.11432] color: 16 (rgba 5650), depth: 16, stencil: 0, acc: 0000, samples: 0/0
display  D   display_settings.c:377  _al_score_display_settings       [   0.11434] Single Buffer requirement not met.
display  D   display_settings.c:191  debug_display_settings           [   0.11437] color: 16 (rgba 5650), depth: 16, stencil: 0, acc: 0000, samples: 2/1
display  D   display_settings.c:377  _al_score_display_settings       [   0.11439] Single Buffer requirement not met.
display  D   display_settings.c:191  debug_display_settings           [   0.11441] color: 16 (rgba 5650), depth: 16, stencil: 0, acc: 0000, samples: 3/1
display  D   display_settings.c:377  _al_score_display_settings       [   0.11444] Single Buffer requirement not met.
display  D   display_settings.c:191  debug_display_settings           [   0.11446] color: 32 (rgba 8880), depth: 0, stencil: 0, acc: 0000, samples: 0/0
display  D   display_settings.c:506  _al_score_display_settings       [   0.11449] Score is : 897
display  D   display_settings.c:191  debug_display_settings           [   0.11451] color: 32 (rgba 8880), depth: 0, stencil: 0, acc: 0000, samples: 0/0
display  D   display_settings.c:506  _al_score_display_settings       [   0.11454] Score is : 897
display  D   display_settings.c:191  debug_display_settings           [   0.11456] color: 32 (rgba 8880), depth: 0, stencil: 0, acc: 0000, samples: 2/1
display  D   display_settings.c:506  _al_score_display_settings       [   0.11459] Score is : 726
display  D   display_settings.c:191  debug_display_settings           [   0.11461] color: 32 (rgba 8880), depth: 0, stencil: 0, acc: 0000, samples: 3/1
display  D   display_settings.c:506  _al_score_display_settings       [   0.11463] Score is : 721
display  D   display_settings.c:191  debug_display_settings           [   0.11465] color: 32 (rgba 8880), depth: 24, stencil: 8, acc: 0000, samples: 0/0
display  D   display_settings.c:506  _al_score_display_settings       [   0.11468] Score is : 897
display  D   display_settings.c:191  debug_display_settings           [   0.11470] color: 32 (rgba 8880), depth: 24, stencil: 8, acc: 0000, samples: 0/0
display  D   display_settings.c:506  _al_score_display_settings       [   0.11473] Score is : 897
display  D   display_settings.c:191  debug_display_settings           [   0.11475] color: 32 (rgba 8880), depth: 24, stencil: 8, acc: 0000, samples: 2/1
display  D   display_settings.c:506  _al_score_display_settings       [   0.11477] Score is : 726
display  D   display_settings.c:191  debug_display_settings           [   0.11479] color: 32 (rgba 8880), depth: 24, stencil: 8, acc: 0000, samples: 3/1
display  D   display_settings.c:506  _al_score_display_settings       [   0.11482] Score is : 721
display  D   display_settings.c:191  debug_display_settings           [   0.11484] color: 32 (rgba 8880), depth: 24, stencil: 0, acc: 0000, samples: 0/0
display  D   display_settings.c:506  _al_score_display_settings       [   0.11487] Score is : 897
display  D   display_settings.c:191  debug_display_settings           [   0.11489] color: 32 (rgba 8880), depth: 24, stencil: 0, acc: 0000, samples: 0/0
display  D   display_settings.c:506  _al_score_display_settings       [   0.11492] Score is : 897
display  D   display_settings.c:191  debug_display_settings           [   0.11494] color: 32 (rgba 8880), depth: 24, stencil: 0, acc: 0000, samples: 2/1
display  D   display_settings.c:506  _al_score_display_settings       [   0.11496] Score is : 726
display  D   display_settings.c:191  debug_display_settings           [   0.11498] color: 32 (rgba 8880), depth: 24, stencil: 0, acc: 0000, samples: 3/1
display  D   display_settings.c:506  _al_score_display_settings       [   0.11501] Score is : 721
display  D   display_settings.c:191  debug_display_settings           [   0.11503] color: 32 (rgba 8880), depth: 16, stencil: 0, acc: 0000, samples: 0/0
display  D   display_settings.c:506  _al_score_display_settings       [   0.11506] Score is : 897
display  D   display_settings.c:191  debug_display_settings           [   0.11508] color: 32 (rgba 8880), depth: 16, stencil: 0, acc: 0000, samples: 0/0
display  D   display_settings.c:506  _al_score_display_settings       [   0.11510] Score is : 897
display  D   display_settings.c:191  debug_display_settings           [   0.11512] color: 32 (rgba 8880), depth: 16, stencil: 0, acc: 0000, samples: 2/1
display  D   display_settings.c:506  _al_score_display_settings       [   0.11515] Score is : 726
display  D   display_settings.c:191  debug_display_settings           [   0.11517] color: 32 (rgba 8880), depth: 16, stencil: 0, acc: 0000, samples: 3/1
display  D   display_settings.c:506  _al_score_display_settings       [   0.11520] Score is : 721
display  D   display_settings.c:191  debug_display_settings           [   0.11522] color: 16 (rgba 5650), depth: 0, stencil: 0, acc: 0000, samples: 0/0
display  D   display_settings.c:506  _al_score_display_settings       [   0.11525] Score is : 897
display  D   display_settings.c:191  debug_display_settings           [   0.11527] color: 16 (rgba 5650), depth: 0, stencil: 0, acc: 0000, samples: 0/0
display  D   display_settings.c:506  _al_score_display_settings       [   0.11529] Score is : 897
display  D   display_settings.c:191  debug_display_settings           [   0.11531] color: 16 (rgba 5650), depth: 0, stencil: 0, acc: 0000, samples: 2/1
display  D   display_settings.c:506  _al_score_display_settings       [   0.11534] Score is : 726
display  D   display_settings.c:191  debug_display_settings           [   0.11536] color: 16 (rgba 5650), depth: 0, stencil: 0, acc: 0000, samples: 3/1
display  D   display_settings.c:506  _al_score_display_settings       [   0.11538] Score is : 721
display  D   display_settings.c:191  debug_display_settings           [   0.11541] color: 16 (rgba 5650), depth: 24, stencil: 8, acc: 0000, samples: 0/0
display  D   display_settings.c:506  _al_score_display_settings       [   0.11543] Score is : 897
display  D   display_settings.c:191  debug_display_settings           [   0.11545] color: 16 (rgba 5650), depth: 24, stencil: 8, acc: 0000, samples: 0/0
display  D   display_settings.c:506  _al_score_display_settings       [   0.11548] Score is : 897
display  D   display_settings.c:191  debug_display_settings           [   0.11550] color: 16 (rgba 5650), depth: 24, stencil: 8, acc: 0000, samples: 2/1
display  D   display_settings.c:506  _al_score_display_settings       [   0.11552] Score is : 726
display  D   display_settings.c:191  debug_display_settings           [   0.11555] color: 16 (rgba 5650), depth: 24, stencil: 8, acc: 0000, samples: 3/1
display  D   display_settings.c:506  _al_score_display_settings       [   0.11557] Score is : 721
display  D   display_settings.c:191  debug_display_settings           [   0.11559] color: 16 (rgba 5650), depth: 24, stencil: 0, acc: 0000, samples: 0/0
display  D   display_settings.c:506  _al_score_display_settings       [   0.11562] Score is : 897
display  D   display_settings.c:191  debug_display_settings           [   0.11564] color: 16 (rgba 5650), depth: 24, stencil: 0, acc: 0000, samples: 0/0
display  D   display_settings.c:506  _al_score_display_settings       [   0.11570] Score is : 897
display  D   display_settings.c:191  debug_display_settings           [   0.11573] color: 16 (rgba 5650), depth: 24, stencil: 0, acc: 0000, samples: 2/1
display  D   display_settings.c:506  _al_score_display_settings       [   0.11575] Score is : 726
display  D   display_settings.c:191  debug_display_settings           [   0.11577] color: 16 (rgba 5650), depth: 24, stencil: 0, acc: 0000, samples: 3/1
display  D   display_settings.c:506  _al_score_display_settings       [   0.11580] Score is : 721
display  D   display_settings.c:191  debug_display_settings           [   0.11582] color: 16 (rgba 5650), depth: 16, stencil: 0, acc: 0000, samples: 0/0
display  D   display_settings.c:506  _al_score_display_settings       [   0.11585] Score is : 897
display  D   display_settings.c:191  debug_display_settings           [   0.11587] color: 16 (rgba 5650), depth: 16, stencil: 0, acc: 0000, samples: 0/0
display  D   display_settings.c:506  _al_score_display_settings       [   0.11589] Score is : 897
display  D   display_settings.c:191  debug_display_settings           [   0.11591] color: 16 (rgba 5650), depth: 16, stencil: 0, acc: 0000, samples: 2/1
display  D   display_settings.c:506  _al_score_display_settings       [   0.11594] Score is : 726
display  D   display_settings.c:191  debug_display_settings           [   0.11596] color: 16 (rgba 5650), depth: 16, stencil: 0, acc: 0000, samples: 3/1
display  D   display_settings.c:506  _al_score_display_settings       [   0.11599] Score is : 721
display  D   display_settings.c:191  debug_display_settings           [   0.11601] color: 32 (rgba 8880), depth: 0, stencil: 0, acc: 0000, samples: 0/0
display  D   display_settings.c:377  _al_score_display_settings       [   0.11603] Single Buffer requirement not met.
display  D   display_settings.c:191  debug_display_settings           [   0.11606] color: 32 (rgba 8880), depth: 0, stencil: 0, acc: 0000, samples: 0/0
display  D   display_settings.c:377  _al_score_display_settings       [   0.11608] Single Buffer requirement not met.
display  D   display_settings.c:191  debug_display_settings           [   0.11610] color: 32 (rgba 8880), depth: 0, stencil: 0, acc: 0000, samples: 2/1
display  D   display_settings.c:377  _al_score_display_settings       [   0.11613] Single Buffer requirement not met.
display  D   display_settings.c:191  debug_display_settings           [   0.11616] color: 32 (rgba 8880), depth: 0, stencil: 0, acc: 0000, samples: 3/1
display  D   display_settings.c:377  _al_score_display_settings       [   0.11619] Single Buffer requirement not met.
display  D   display_settings.c:191  debug_display_settings           [   0.11621] color: 32 (rgba 8880), depth: 24, stencil: 8, acc: 0000, samples: 0/0
display  D   display_settings.c:377  _al_score_display_settings       [   0.11623] Single Buffer requirement not met.
display  D   display_settings.c:191  debug_display_settings           [   0.11625] color: 32 (rgba 8880), depth: 24, stencil: 8, acc: 0000, samples: 0/0
display  D   display_settings.c:377  _al_score_display_settings       [   0.11628] Single Buffer requirement not met.
display  D   display_settings.c:191  debug_display_settings           [   0.11630] color: 32 (rgba 8880), depth: 24, stencil: 8, acc: 0000, samples: 2/1
display  D   display_settings.c:377  _al_score_display_settings       [   0.11633] Single Buffer requirement not met.
display  D   display_settings.c:191  debug_display_settings           [   0.11635] color: 32 (rgba 8880), depth: 24, stencil: 8, acc: 0000, samples: 3/1
display  D   display_settings.c:377  _al_score_display_settings       [   0.11638] Single Buffer requirement not met.
display  D   display_settings.c:191  debug_display_settings           [   0.11640] color: 32 (rgba 8880), depth: 24, stencil: 0, acc: 0000, samples: 0/0
display  D   display_settings.c:377  _al_score_display_settings       [   0.11642] Single Buffer requirement not met.
display  D   display_settings.c:191  debug_display_settings           [   0.11645] color: 32 (rgba 8880), depth: 24, stencil: 0, acc: 0000, samples: 0/0
display  D   display_settings.c:377  _al_score_display_settings       [   0.11649] Single Buffer requirement not met.
display  D   display_settings.c:191  debug_display_settings           [   0.11652] color: 32 (rgba 8880), depth: 24, stencil: 0, acc: 0000, samples: 2/1
display  D   display_settings.c:377  _al_score_display_settings       [   0.11655] Single Buffer requirement not met.
display  D   display_settings.c:191  debug_display_settings           [   0.11657] color: 32 (rgba 8880), depth: 24, stencil: 0, acc: 0000, samples: 3/1
display  D   display_settings.c:377  _al_score_display_settings       [   0.11659] Single Buffer requirement not met.
display  D   display_settings.c:191  debug_display_settings           [   0.11662] color: 32 (rgba 8880), depth: 16, stencil: 0, acc: 0000, samples: 0/0
display  D   display_settings.c:377  _al_score_display_settings       [   0.11664] Single Buffer requirement not met.
display  D   display_settings.c:191  debug_display_settings           [   0.11666] color: 32 (rgba 8880), depth: 16, stencil: 0, acc: 0000, samples: 0/0
display  D   display_settings.c:377  _al_score_display_settings       [   0.11669] Single Buffer requirement not met.
display  D   display_settings.c:191  debug_display_settings           [   0.11671] color: 32 (rgba 8880), depth: 16, stencil: 0, acc: 0000, samples: 2/1
display  D   display_settings.c:377  _al_score_display_settings       [   0.11674] Single Buffer requirement not met.
display  D   display_settings.c:191  debug_display_settings           [   0.11676] color: 32 (rgba 8880), depth: 16, stencil: 0, acc: 0000, samples: 3/1
display  D   display_settings.c:377  _al_score_display_settings       [   0.11678] Single Buffer requirement not met.
display  D   display_settings.c:191  debug_display_settings           [   0.11681] color: 16 (rgba 5650), depth: 0, stencil: 0, acc: 0000, samples: 0/0
display  D   display_settings.c:377  _al_score_display_settings       [   0.11683] Single Buffer requirement not met.
display  D   display_settings.c:191  debug_display_settings           [   0.11685] color: 16 (rgba 5650), depth: 0, stencil: 0, acc: 0000, samples: 0/0
display  D   display_settings.c:377  _al_score_display_settings       [   0.11688] Single Buffer requirement not met.
display  D   display_settings.c:191  debug_display_settings           [   0.11690] color: 16 (rgba 5650), depth: 0, stencil: 0, acc: 0000, samples: 2/1
display  D   display_settings.c:377  _al_score_display_settings       [   0.11692] Single Buffer requirement not met.
display  D   display_settings.c:191  debug_display_settings           [   0.11695] color: 16 (rgba 5650), depth: 0, stencil: 0, acc: 0000, samples: 3/1
display  D   display_settings.c:377  _al_score_display_settings       [   0.11697] Single Buffer requirement not met.
display  D   display_settings.c:191  debug_display_settings           [   0.11699] color: 16 (rgba 5650), depth: 24, stencil: 8, acc: 0000, samples: 0/0
display  D   display_settings.c:377  _al_score_display_settings       [   0.11702] Single Buffer requirement not met.
display  D   display_settings.c:191  debug_display_settings           [   0.11704] color: 16 (rgba 5650), depth: 24, stencil: 8, acc: 0000, samples: 0/0
display  D   display_settings.c:377  _al_score_display_settings       [   0.11707] Single Buffer requirement not met.
display  D   display_settings.c:191  debug_display_settings           [   0.11709] color: 16 (rgba 5650), depth: 24, stencil: 8, acc: 0000, samples: 2/1
display  D   display_settings.c:377  _al_score_display_settings       [   0.11712] Single Buffer requirement not met.
display  D   display_settings.c:191  debug_display_settings           [   0.11714] color: 16 (rgba 5650), depth: 24, stencil: 8, acc: 0000, samples: 3/1
display  D   display_settings.c:377  _al_score_display_settings       [   0.11716] Single Buffer requirement not met.
display  D   display_settings.c:191  debug_display_settings           [   0.11719] color: 16 (rgba 5650), depth: 24, stencil: 0, acc: 0000, samples: 0/0
display  D   display_settings.c:377  _al_score_display_settings       [   0.11722] Single Buffer requirement not met.
display  D   display_settings.c:191  debug_display_settings           [   0.11724] color: 16 (rgba 5650), depth: 24, stencil: 0, acc: 0000, samples: 0/0
display  D   display_settings.c:377  _al_score_display_settings       [   0.11726] Single Buffer requirement not met.
display  D   display_settings.c:191  debug_display_settings           [   0.11729] color: 16 (rgba 5650), depth: 24, stencil: 0, acc: 0000, samples: 2/1
display  D   display_settings.c:377  _al_score_display_settings       [   0.11731] Single Buffer requirement not met.
display  D   display_settings.c:191  debug_display_settings           [   0.11733] color: 16 (rgba 5650), depth: 24, stencil: 0, acc: 0000, samples: 3/1
display  D   display_settings.c:377  _al_score_display_settings       [   0.11736] Single Buffer requirement not met.
display  D   display_settings.c:191  debug_display_settings           [   0.11738] color: 16 (rgba 5650), depth: 16, stencil: 0, acc: 0000, samples: 0/0
display  D   display_settings.c:377  _al_score_display_settings       [   0.11741] Single Buffer requirement not met.
display  D   display_settings.c:191  debug_display_settings           [   0.11743] color: 16 (rgba 5650), depth: 16, stencil: 0, acc: 0000, samples: 0/0
display  D   display_settings.c:377  _al_score_display_settings       [   0.11746] Single Buffer requirement not met.
display  D   display_settings.c:191  debug_display_settings           [   0.11748] color: 16 (rgba 5650), depth: 16, stencil: 0, acc: 0000, samples: 2/1
display  D   display_settings.c:377  _al_score_display_settings       [   0.11750] Single Buffer requirement not met.
display  D   display_settings.c:191  debug_display_settings           [   0.11753] color: 16 (rgba 5650), depth: 16, stencil: 0, acc: 0000, samples: 3/1
display  D   display_settings.c:377  _al_score_display_settings       [   0.11755] Single Buffer requirement not met.
d3d      D         d3d_disp.cpp:1640 d3d_create_display_internals     [   0.11761] Trying format 64.
d3d      I         d3d_disp.cpp:1325 d3d_display_thread_proc          [   0.11840] Chose a display format: 23
d3d      I         d3d_disp.cpp:1394 d3d_display_thread_proc          [   0.11845] Normal window.
d3d      I         d3d_disp.cpp:800  d3d_create_device                [   0.12768] Using no depth stencil buffer
d3d      D         d3d_disp.cpp:865  d3d_create_device                [   0.16022] BeginScene succeeded in create_device
d3d      D         d3d_disp.cpp:873  d3d_create_device                [   0.16029] Success
d3d      D         d3d_disp.cpp:1663 d3d_create_display_internals     [   0.16033] Resumed after wait.
d3d      I         d3d_disp.cpp:1696 d3d_create_display_internals     [   0.16040] Format 64 succeeded.
d3d      D         d3d_disp.cpp:1719 d3d_create_display_internals     [   0.16043] Returning d3d_display: 027AD2E0
d3d      D         d3d_disp.cpp:1744 d3d_create_display_locked        [   0.16046] al_display=027AD2E0
d3d      D         d3d_disp.cpp:1745 d3d_create_display_locked        [   0.16048] al_display->vt=027AD218
d3d      D         d3d_disp.cpp:1165 real_choose_bitmap_format        [   0.16167] Fake format
d3d      D         d3d_disp.cpp:1165 real_choose_bitmap_format        [   0.16171] Fake format
d3d      D         d3d_disp.cpp:1165 real_choose_bitmap_format        [   0.16173] Fake format
d3d      D         d3d_disp.cpp:1165 real_choose_bitmap_format        [   0.16175] Fake format
d3d      D         d3d_disp.cpp:1165 real_choose_bitmap_format        [   0.16177] Fake format
d3d      D         d3d_disp.cpp:1165 real_choose_bitmap_format        [   0.16179] Fake format
d3d      D         d3d_disp.cpp:1165 real_choose_bitmap_format        [   0.16181] Fake format
d3d      D         d3d_disp.cpp:1165 real_choose_bitmap_format        [   0.16184] Fake format
d3d      D         d3d_disp.cpp:1165 real_choose_bitmap_format        [   0.16186] Fake format
d3d      D         d3d_disp.cpp:1173 real_choose_bitmap_format        [   0.16188] Alpha doesn't match
d3d      D         d3d_disp.cpp:1180 real_choose_bitmap_format        [   0.16190] Adapter format is 23
d3d      D         d3d_disp.cpp:1183 real_choose_bitmap_format        [   0.16193] Found a format
d3d      I         d3d_disp.cpp:2289 _al_d3d_create_bitmap            [   0.16195] Chose bitmap format 9
dtor     D               dtor.c:184  _al_register_destructor          [   0.16261] added dtor for object 03B0D3D8, func 5D99259F
d3d      D         d3d_disp.cpp:1165 real_choose_bitmap_format        [   0.18726] Fake format
d3d      D         d3d_disp.cpp:1165 real_choose_bitmap_format        [   0.18732] Fake format
d3d      D         d3d_disp.cpp:1165 real_choose_bitmap_format        [   0.18734] Fake format
d3d      D         d3d_disp.cpp:1165 real_choose_bitmap_format        [   0.18736] Fake format
d3d      D         d3d_disp.cpp:1165 real_choose_bitmap_format        [   0.18741] Fake format
d3d      D         d3d_disp.cpp:1165 real_choose_bitmap_format        [   0.18743] Fake format
d3d      D         d3d_disp.cpp:1165 real_choose_bitmap_format        [   0.18745] Fake format
d3d      D         d3d_disp.cpp:1165 real_choose_bitmap_format        [   0.18747] Fake format
d3d      D         d3d_disp.cpp:1165 real_choose_bitmap_format        [   0.18749] Fake format
d3d      D         d3d_disp.cpp:1173 real_choose_bitmap_format        [   0.18751] Alpha doesn't match
d3d      D         d3d_disp.cpp:1180 real_choose_bitmap_format        [   0.18753] Adapter format is 23
d3d      D         d3d_disp.cpp:1183 real_choose_bitmap_format        [   0.18756] Found a format
d3d      I         d3d_disp.cpp:2289 _al_d3d_create_bitmap            [   0.18758] Chose bitmap format 9
dtor     D               dtor.c:184  _al_register_destructor          [   0.18808] added dtor for object 03BC6A88, func 5D99259F
d3d      D          d3d_bmp.cpp:455  _al_d3d_sync_bitmap              [   0.19415] _al_d3d_sync_bitmap (system) ref count == 1
d3d      D          d3d_bmp.cpp:460  _al_d3d_sync_bitmap              [   0.19420] _al_d3d_sync_bitmap (video) ref count == 1
d3d      D         d3d_disp.cpp:1165 real_choose_bitmap_format        [   0.19544] Fake format
d3d      D         d3d_disp.cpp:1165 real_choose_bitmap_format        [   0.19547] Fake format
d3d      D         d3d_disp.cpp:1165 real_choose_bitmap_format        [   0.19549] Fake format
d3d      D         d3d_disp.cpp:1165 real_choose_bitmap_format        [   0.19551] Fake format
d3d      D         d3d_disp.cpp:1165 real_choose_bitmap_format        [   0.19553] Fake format
d3d      D         d3d_disp.cpp:1165 real_choose_bitmap_format        [   0.19555] Fake format
d3d      D         d3d_disp.cpp:1165 real_choose_bitmap_format        [   0.19557] Fake format
d3d      D         d3d_disp.cpp:1165 real_choose_bitmap_format        [   0.19559] Fake format
d3d      D         d3d_disp.cpp:1165 real_choose_bitmap_format        [   0.19561] Fake format
d3d      D         d3d_disp.cpp:1173 real_choose_bitmap_format        [   0.19563] Alpha doesn't match
d3d      D         d3d_disp.cpp:1180 real_choose_bitmap_format        [   0.19565] Adapter format is 23
d3d      D         d3d_disp.cpp:1183 real_choose_bitmap_format        [   0.19568] Found a format
d3d      I         d3d_disp.cpp:2289 _al_d3d_create_bitmap            [   0.19570] Chose bitmap format 9
dtor     D               dtor.c:184  _al_register_destructor          [   0.19624] added dtor for object 03BDEBD8, func 5D99259F
d3d      D          d3d_bmp.cpp:455  _al_d3d_sync_bitmap              [   0.19808] _al_d3d_sync_bitmap (system) ref count == 1
d3d      D          d3d_bmp.cpp:460  _al_d3d_sync_bitmap              [   0.19811] _al_d3d_sync_bitmap (video) ref count == 1
d3d      D         d3d_disp.cpp:1165 real_choose_bitmap_format        [   0.19927] Fake format
d3d      D         d3d_disp.cpp:1165 real_choose_bitmap_format        [   0.19931] Fake format
d3d      D         d3d_disp.cpp:1165 real_choose_bitmap_format        [   0.19933] Fake format
d3d      D         d3d_disp.cpp:1165 real_choose_bitmap_format        [   0.19935] Fake format
d3d      D         d3d_disp.cpp:1165 real_choose_bitmap_format        [   0.19937] Fake format
d3d      D         d3d_disp.cpp:1165 real_choose_bitmap_format        [   0.19939] Fake format
d3d      D         d3d_disp.cpp:1165 real_choose_bitmap_format        [   0.19941] Fake format
d3d      D         d3d_disp.cpp:1165 real_choose_bitmap_format        [   0.19943] Fake format
d3d      D         d3d_disp.cpp:1165 real_choose_bitmap_format        [   0.19945] Fake format
d3d      D         d3d_disp.cpp:1173 real_choose_bitmap_format        [   0.19947] Alpha doesn't match
d3d      D         d3d_disp.cpp:1180 real_choose_bitmap_format        [   0.19949] Adapter format is 23
d3d      D         d3d_disp.cpp:1183 real_choose_bitmap_format        [   0.19952] Found a format
d3d      I         d3d_disp.cpp:2289 _al_d3d_create_bitmap            [   0.19954] Chose bitmap format 9
dtor     D               dtor.c:184  _al_register_destructor          [   0.20007] added dtor for object 03BF6DD8, func 5D99259F
d3d      D          d3d_bmp.cpp:455  _al_d3d_sync_bitmap              [   0.20190] _al_d3d_sync_bitmap (system) ref count == 1
d3d      D          d3d_bmp.cpp:460  _al_d3d_sync_bitmap              [   0.20193] _al_d3d_sync_bitmap (video) ref count == 1
d3d      D         d3d_disp.cpp:1165 real_choose_bitmap_format        [   0.20312] Fake format
d3d      D         d3d_disp.cpp:1165 real_choose_bitmap_format        [   0.20315] Fake format
d3d      D         d3d_disp.cpp:1165 real_choose_bitmap_format        [   0.20317] Fake format
d3d      D         d3d_disp.cpp:1165 real_choose_bitmap_format        [   0.20319] Fake format
d3d      D         d3d_disp.cpp:1165 real_choose_bitmap_format        [   0.20321] Fake format
d3d      D         d3d_disp.cpp:1165 real_choose_bitmap_format        [   0.20323] Fake format
d3d      D         d3d_disp.cpp:1165 real_choose_bitmap_format        [   0.20325] Fake format
d3d      D         d3d_disp.cpp:1165 real_choose_bitmap_format        [   0.20327] Fake format
d3d      D         d3d_disp.cpp:1165 real_choose_bitmap_format        [   0.20329] Fake format
d3d      D         d3d_disp.cpp:1173 real_choose_bitmap_format        [   0.20332] Alpha doesn't match
d3d      D         d3d_disp.cpp:1180 real_choose_bitmap_format        [   0.20334] Adapter format is 23
d3d      D         d3d_disp.cpp:1183 real_choose_bitmap_format        [   0.20336] Found a format
d3d      I         d3d_disp.cpp:2289 _al_d3d_create_bitmap            [   0.20338] Chose bitmap format 9
dtor     D               dtor.c:184  _al_register_destructor          [   0.20400] added dtor for object 05F280A8, func 5D99259F
d3d      D          d3d_bmp.cpp:455  _al_d3d_sync_bitmap              [   0.20586] _al_d3d_sync_bitmap (system) ref count == 1
d3d      D          d3d_bmp.cpp:460  _al_d3d_sync_bitmap              [   0.20589] _al_d3d_sync_bitmap (video) ref count == 1
d3d      D         d3d_disp.cpp:1165 real_choose_bitmap_format        [   0.20698] Fake format
d3d      D         d3d_disp.cpp:1165 real_choose_bitmap_format        [   0.20700] Fake format
d3d      D         d3d_disp.cpp:1165 real_choose_bitmap_format        [   0.20703] Fake format
d3d      D         d3d_disp.cpp:1165 real_choose_bitmap_format        [   0.20705] Fake format
d3d      D         d3d_disp.cpp:1165 real_choose_bitmap_format        [   0.20707] Fake format
d3d      D         d3d_disp.cpp:1165 real_choose_bitmap_format        [   0.20709] Fake format
d3d      D         d3d_disp.cpp:1165 real_choose_bitmap_format        [   0.20711] Fake format
d3d      D         d3d_disp.cpp:1165 real_choose_bitmap_format        [   0.20713] Fake format
d3d      D         d3d_disp.cpp:1165 real_choose_bitmap_format        [   0.20716] Fake format
d3d      D         d3d_disp.cpp:1173 real_choose_bitmap_format        [   0.20718] Alpha doesn't match
d3d      D         d3d_disp.cpp:1180 real_choose_bitmap_format        [   0.20720] Adapter format is 23
d3d      D         d3d_disp.cpp:1183 real_choose_bitmap_format        [   0.20723] Found a format
d3d      I         d3d_disp.cpp:2289 _al_d3d_create_bitmap            [   0.20725] Chose bitmap format 9
dtor     D               dtor.c:184  _al_register_destructor          [   0.20779] added dtor for object 05F40338, func 5D99259F
d3d      D          d3d_bmp.cpp:455  _al_d3d_sync_bitmap              [   0.20970] _al_d3d_sync_bitmap (system) ref count == 1
d3d      D          d3d_bmp.cpp:460  _al_d3d_sync_bitmap              [   0.20973] _al_d3d_sync_bitmap (video) ref count == 1
d3d      D         d3d_disp.cpp:1165 real_choose_bitmap_format        [   0.21083] Fake format
d3d      D         d3d_disp.cpp:1165 real_choose_bitmap_format        [   0.21085] Fake format
d3d      D         d3d_disp.cpp:1165 real_choose_bitmap_format        [   0.21087] Fake format
d3d      D         d3d_disp.cpp:1165 real_choose_bitmap_format        [   0.21089] Fake format
d3d      D         d3d_disp.cpp:1165 real_choose_bitmap_format        [   0.21091] Fake format
d3d      D         d3d_disp.cpp:1165 real_choose_bitmap_format        [   0.21093] Fake format
d3d      D         d3d_disp.cpp:1165 real_choose_bitmap_format        [   0.21096] Fake format
d3d      D         d3d_disp.cpp:1165 real_choose_bitmap_format        [   0.21098] Fake format
d3d      D         d3d_disp.cpp:1165 real_choose_bitmap_format        [   0.21100] Fake format
d3d      D         d3d_disp.cpp:1173 real_choose_bitmap_format        [   0.21102] Alpha doesn't match
d3d      D         d3d_disp.cpp:1180 real_choose_bitmap_format        [   0.21104] Adapter format is 23
d3d      D         d3d_disp.cpp:1183 real_choose_bitmap_format        [   0.21106] Found a format
d3d      I         d3d_disp.cpp:2289 _al_d3d_create_bitmap            [   0.21108] Chose bitmap format 9
dtor     D               dtor.c:184  _al_register_destructor          [   0.21166] added dtor for object 03BF6EE8, func 5D99259F
d3d      D          d3d_bmp.cpp:455  _al_d3d_sync_bitmap              [   0.21514] _al_d3d_sync_bitmap (system) ref count == 1
d3d      D          d3d_bmp.cpp:460  _al_d3d_sync_bitmap              [   0.21521] _al_d3d_sync_bitmap (video) ref count == 1
d3d      D         d3d_disp.cpp:1165 real_choose_bitmap_format        [   0.21667] Fake format
d3d      D         d3d_disp.cpp:1165 real_choose_bitmap_format        [   0.21671] Fake format
d3d      D         d3d_disp.cpp:1165 real_choose_bitmap_format        [   0.21673] Fake format
d3d      D         d3d_disp.cpp:1165 real_choose_bitmap_format        [   0.21675] Fake format
d3d      D         d3d_disp.cpp:1165 real_choose_bitmap_format        [   0.21677] Fake format
d3d      D         d3d_disp.cpp:1165 real_choose_bitmap_format        [   0.21679] Fake format
d3d      D         d3d_disp.cpp:1165 real_choose_bitmap_format        [   0.21681] Fake format
d3d      D         d3d_disp.cpp:1165 real_choose_bitmap_format        [   0.21683] Fake format
d3d      D         d3d_disp.cpp:1165 real_choose_bitmap_format        [   0.21685] Fake format
d3d      D         d3d_disp.cpp:1173 real_choose_bitmap_format        [   0.21687] Alpha doesn't match
d3d      D         d3d_disp.cpp:1180 real_choose_bitmap_format        [   0.21689] Adapter format is 23
d3d      D         d3d_disp.cpp:1183 real_choose_bitmap_format        [   0.21691] Found a format
d3d      I         d3d_disp.cpp:2289 _al_d3d_create_bitmap            [   0.21693] Chose bitmap format 9
dtor     D               dtor.c:184  _al_register_destructor          [   0.21752] added dtor for object 03BF6FF8, func 5D99259F
d3d      D          d3d_bmp.cpp:455  _al_d3d_sync_bitmap              [   0.21937] _al_d3d_sync_bitmap (system) ref count == 1
d3d      D          d3d_bmp.cpp:460  _al_d3d_sync_bitmap              [   0.21940] _al_d3d_sync_bitmap (video) ref count == 1
d3d      D         d3d_disp.cpp:1165 real_choose_bitmap_format        [   0.22056] Fake format
d3d      D         d3d_disp.cpp:1165 real_choose_bitmap_format        [   0.22059] Fake format
d3d      D         d3d_disp.cpp:1165 real_choose_bitmap_format        [   0.22061] Fake format
d3d      D         d3d_disp.cpp:1165 real_choose_bitmap_format        [   0.22063] Fake format
d3d      D         d3d_disp.cpp:1165 real_choose_bitmap_format        [   0.22065] Fake format
d3d      D         d3d_disp.cpp:1165 real_choose_bitmap_format        [   0.22067] Fake format
d3d      D         d3d_disp.cpp:1165 real_choose_bitmap_format        [   0.22069] Fake format
d3d      D         d3d_disp.cpp:1165 real_choose_bitmap_format        [   0.22071] Fake format
d3d      D         d3d_disp.cpp:1165 real_choose_bitmap_format        [   0.22073] Fake format
d3d      D         d3d_disp.cpp:1173 real_choose_bitmap_format        [   0.22075] Alpha doesn't match
d3d      D         d3d_disp.cpp:1180 real_choose_bitmap_format        [   0.22077] Adapter format is 23
d3d      D         d3d_disp.cpp:1183 real_choose_bitmap_format        [   0.22079] Found a format
d3d      I         d3d_disp.cpp:2289 _al_d3d_create_bitmap            [   0.22081] Chose bitmap format 9
dtor     D               dtor.c:184  _al_register_destructor          [   0.22144] added dtor for object 03BF7108, func 5D99259F
d3d      D          d3d_bmp.cpp:455  _al_d3d_sync_bitmap              [   0.22331] _al_d3d_sync_bitmap (system) ref count == 1
d3d      D          d3d_bmp.cpp:460  _al_d3d_sync_bitmap              [   0.22335] _al_d3d_sync_bitmap (video) ref count == 1
d3d      D         d3d_disp.cpp:1165 real_choose_bitmap_format        [   0.22466] Fake format
d3d      D         d3d_disp.cpp:1165 real_choose_bitmap_format        [   0.22468] Fake format
d3d      D         d3d_disp.cpp:1165 real_choose_bitmap_format        [   0.22470] Fake format
d3d      D         d3d_disp.cpp:1165 real_choose_bitmap_format        [   0.22472] Fake format
d3d      D         d3d_disp.cpp:1165 real_choose_bitmap_format        [   0.22474] Fake format
d3d      D         d3d_disp.cpp:1165 real_choose_bitmap_format        [   0.22476] Fake format
d3d      D         d3d_disp.cpp:1165 real_choose_bitmap_format        [   0.22479] Fake format
d3d      D         d3d_disp.cpp:1165 real_choose_bitmap_format        [   0.22481] Fake format
d3d      D         d3d_disp.cpp:1165 real_choose_bitmap_format        [   0.22483] Fake format
d3d      D         d3d_disp.cpp:1173 real_choose_bitmap_format        [   0.22485] Alpha doesn't match
d3d      D         d3d_disp.cpp:1180 real_choose_bitmap_format        [   0.22487] Adapter format is 23
d3d      D         d3d_disp.cpp:1183 real_choose_bitmap_format        [   0.22489] Found a format
d3d      I         d3d_disp.cpp:2289 _al_d3d_create_bitmap            [   0.22491] Chose bitmap format 9
dtor     D               dtor.c:184  _al_register_destructor          [   0.22550] added dtor for object 03BF7298, func 5D99259F
d3d      D          d3d_bmp.cpp:455  _al_d3d_sync_bitmap              [   0.22740] _al_d3d_sync_bitmap (system) ref count == 1
d3d      D          d3d_bmp.cpp:460  _al_d3d_sync_bitmap              [   0.22744] _al_d3d_sync_bitmap (video) ref count == 1
d3d      D         d3d_disp.cpp:1165 real_choose_bitmap_format        [   0.22883] Fake format
d3d      D         d3d_disp.cpp:1165 real_choose_bitmap_format        [   0.22886] Fake format
d3d      D         d3d_disp.cpp:1165 real_choose_bitmap_format        [   0.22888] Fake format
d3d      D         d3d_disp.cpp:1165 real_choose_bitmap_format        [   0.22890] Fake format
d3d      D         d3d_disp.cpp:1165 real_choose_bitmap_format        [   0.22892] Fake format
d3d      D         d3d_disp.cpp:1165 real_choose_bitmap_format        [   0.22894] Fake format
d3d      D         d3d_disp.cpp:1165 real_choose_bitmap_format        [   0.22896] Fake format
d3d      D         d3d_disp.cpp:1165 real_choose_bitmap_format        [   0.22899] Fake format
d3d      D         d3d_disp.cpp:1165 real_choose_bitmap_format        [   0.22901] Fake format
d3d      D         d3d_disp.cpp:1173 real_choose_bitmap_format        [   0.22903] Alpha doesn't match
d3d      D         d3d_disp.cpp:1180 real_choose_bitmap_format        [   0.22906] Adapter format is 23
d3d      D         d3d_disp.cpp:1183 real_choose_bitmap_format        [   0.22908] Found a format
d3d      I         d3d_disp.cpp:2289 _al_d3d_create_bitmap            [   0.22910] Chose bitmap format 9
dtor     D               dtor.c:184  _al_register_destructor          [   0.22982] added dtor for object 03BF73A8, func 5D99259F
d3d      D          d3d_bmp.cpp:455  _al_d3d_sync_bitmap              [   0.23171] _al_d3d_sync_bitmap (system) ref count == 1
d3d      D          d3d_bmp.cpp:460  _al_d3d_sync_bitmap              [   0.23175] _al_d3d_sync_bitmap (video) ref count == 1
d3d      D         d3d_disp.cpp:1165 real_choose_bitmap_format        [   0.23290] Fake format
d3d      D         d3d_disp.cpp:1165 real_choose_bitmap_format        [   0.23292] Fake format
d3d      D         d3d_disp.cpp:1165 real_choose_bitmap_format        [   0.23294] Fake format
d3d      D         d3d_disp.cpp:1165 real_choose_bitmap_format        [   0.23296] Fake format
d3d      D         d3d_disp.cpp:1165 real_choose_bitmap_format        [   0.23298] Fake format
d3d      D         d3d_disp.cpp:1165 real_choose_bitmap_format        [   0.23300] Fake format
d3d      D         d3d_disp.cpp:1165 real_choose_bitmap_format        [   0.23302] Fake format
d3d      D         d3d_disp.cpp:1165 real_choose_bitmap_format        [   0.23304] Fake format
d3d      D         d3d_disp.cpp:1165 real_choose_bitmap_format        [   0.23306] Fake format
d3d      D         d3d_disp.cpp:1173 real_choose_bitmap_format        [   0.23308] Alpha doesn't match
d3d      D         d3d_disp.cpp:1180 real_choose_bitmap_format        [   0.23310] Adapter format is 23
d3d      D         d3d_disp.cpp:1183 real_choose_bitmap_format        [   0.23313] Found a format
d3d      I         d3d_disp.cpp:2289 _al_d3d_create_bitmap            [   0.23315] Chose bitmap format 9
dtor     D               dtor.c:184  _al_register_destructor          [   0.23373] added dtor for object 03BF74B8, func 5D99259F
d3d      D          d3d_bmp.cpp:455  _al_d3d_sync_bitmap              [   0.23560] _al_d3d_sync_bitmap (system) ref count == 1
d3d      D          d3d_bmp.cpp:460  _al_d3d_sync_bitmap              [   0.23563] _al_d3d_sync_bitmap (video) ref count == 1
d3d      D         d3d_disp.cpp:1165 real_choose_bitmap_format        [   0.23673] Fake format
d3d      D         d3d_disp.cpp:1165 real_choose_bitmap_format        [   0.23676] Fake format
d3d      D         d3d_disp.cpp:1165 real_choose_bitmap_format        [   0.23678] Fake format
d3d      D         d3d_disp.cpp:1165 real_choose_bitmap_format        [   0.23680] Fake format
d3d      D         d3d_disp.cpp:1165 real_choose_bitmap_format        [   0.23682] Fake format
d3d      D         d3d_disp.cpp:1165 real_choose_bitmap_format        [   0.23684] Fake format
d3d      D         d3d_disp.cpp:1165 real_choose_bitmap_format        [   0.23686] Fake format
d3d      D         d3d_disp.cpp:1165 real_choose_bitmap_format        [   0.23688] Fake format
d3d      D         d3d_disp.cpp:1165 real_choose_bitmap_format        [   0.23690] Fake format
d3d      D         d3d_disp.cpp:1173 real_choose_bitmap_format        [   0.23692] Alpha doesn't match
d3d      D         d3d_disp.cpp:1180 real_choose_bitmap_format        [   0.23694] Adapter format is 23
d3d      D         d3d_disp.cpp:1183 real_choose_bitmap_format        [   0.23697] Found a format
d3d      I         d3d_disp.cpp:2289 _al_d3d_create_bitmap            [   0.23699] Chose bitmap format 9
dtor     D               dtor.c:184  _al_register_destructor          [   0.23760] added dtor for object 03BF75C8, func 5D99259F
d3d      D          d3d_bmp.cpp:455  _al_d3d_sync_bitmap              [   0.23949] _al_d3d_sync_bitmap (system) ref count == 1
d3d      D          d3d_bmp.cpp:460  _al_d3d_sync_bitmap              [   0.23958] _al_d3d_sync_bitmap (video) ref count == 1
d3d      D         d3d_disp.cpp:1165 real_choose_bitmap_format        [   0.24068] Fake format
d3d      D         d3d_disp.cpp:1165 real_choose_bitmap_format        [   0.24070] Fake format
d3d      D         d3d_disp.cpp:1165 real_choose_bitmap_format        [   0.24072] Fake format
d3d      D         d3d_disp.cpp:1165 real_choose_bitmap_format        [   0.24074] Fake format
d3d      D         d3d_disp.cpp:1165 real_choose_bitmap_format        [   0.24076] Fake format
d3d      D         d3d_disp.cpp:1165 real_choose_bitmap_format        [   0.24078] Fake format
d3d      D         d3d_disp.cpp:1165 real_choose_bitmap_format        [   0.24080] Fake format
d3d      D         d3d_disp.cpp:1165 real_choose_bitmap_format        [   0.24082] Fake format
d3d      D         d3d_disp.cpp:1165 real_choose_bitmap_format        [   0.24084] Fake format
d3d      D         d3d_disp.cpp:1173 real_choose_bitmap_format        [   0.24086] Alpha doesn't match
d3d      D         d3d_disp.cpp:1180 real_choose_bitmap_format        [   0.24088] Adapter format is 23
d3d      D         d3d_disp.cpp:1183 real_choose_bitmap_format        [   0.24091] Found a format
d3d      I         d3d_disp.cpp:2289 _al_d3d_create_bitmap            [   0.24093] Chose bitmap format 9
dtor     D               dtor.c:184  _al_register_destructor          [   0.24160] added dtor for object 03BF76D8, func 5D99259F
d3d      D          d3d_bmp.cpp:455  _al_d3d_sync_bitmap              [   0.24347] _al_d3d_sync_bitmap (system) ref count == 1
d3d      D          d3d_bmp.cpp:460  _al_d3d_sync_bitmap              [   0.24351] _al_d3d_sync_bitmap (video) ref count == 1
d3d      D         d3d_disp.cpp:1165 real_choose_bitmap_format        [   0.24462] Fake format
d3d      D         d3d_disp.cpp:1165 real_choose_bitmap_format        [   0.24464] Fake format
d3d      D         d3d_disp.cpp:1165 real_choose_bitmap_format        [   0.24466] Fake format
d3d      D         d3d_disp.cpp:1165 real_choose_bitmap_format        [   0.24468] Fake format
d3d      D         d3d_disp.cpp:1165 real_choose_bitmap_format        [   0.24470] Fake format
d3d      D         d3d_disp.cpp:1165 real_choose_bitmap_format        [   0.24472] Fake format
d3d      D         d3d_disp.cpp:1165 real_choose_bitmap_format        [   0.24474] Fake format
d3d      D         d3d_disp.cpp:1165 real_choose_bitmap_format        [   0.24476] Fake format
d3d      D         d3d_disp.cpp:1165 real_choose_bitmap_format        [   0.24478] Fake format
d3d      D         d3d_disp.cpp:1173 real_choose_bitmap_format        [   0.24480] Alpha doesn't match
d3d      D         d3d_disp.cpp:1180 real_choose_bitmap_format        [   0.24482] Adapter format is 23
d3d      D         d3d_disp.cpp:1183 real_choose_bitmap_format        [   0.24485] Found a format
d3d      I         d3d_disp.cpp:2289 _al_d3d_create_bitmap            [   0.24487] Chose bitmap format 9
dtor     D               dtor.c:184  _al_register_destructor          [   0.24550] added dtor for object 03BF77E8, func 5D99259F
d3d      D          d3d_bmp.cpp:455  _al_d3d_sync_bitmap              [   0.24769] _al_d3d_sync_bitmap (system) ref count == 1
d3d      D          d3d_bmp.cpp:460  _al_d3d_sync_bitmap              [   0.24774] _al_d3d_sync_bitmap (video) ref count == 1
d3d      D         d3d_disp.cpp:1165 real_choose_bitmap_format        [   0.24889] Fake format
d3d      D         d3d_disp.cpp:1165 real_choose_bitmap_format        [   0.24892] Fake format
d3d      D         d3d_disp.cpp:1165 real_choose_bitmap_format        [   0.24894] Fake format
d3d      D         d3d_disp.cpp:1165 real_choose_bitmap_format        [   0.24896] Fake format
d3d      D         d3d_disp.cpp:1165 real_choose_bitmap_format        [   0.24898] Fake format
d3d      D         d3d_disp.cpp:1165 real_choose_bitmap_format        [   0.24900] Fake format
d3d      D         d3d_disp.cpp:1165 real_choose_bitmap_format        [   0.24903] Fake format
d3d      D         d3d_disp.cpp:1165 real_choose_bitmap_format        [   0.24905] Fake format
d3d      D         d3d_disp.cpp:1165 real_choose_bitmap_format        [   0.24907] Fake format
d3d      D         d3d_disp.cpp:1173 real_choose_bitmap_format        [   0.24909] Alpha doesn't match
d3d      D         d3d_disp.cpp:1180 real_choose_bitmap_format        [   0.24911] Adapter format is 23
d3d      D         d3d_disp.cpp:1183 real_choose_bitmap_format        [   0.24913] Found a format
d3d      I         d3d_disp.cpp:2289 _al_d3d_create_bitmap            [   0.24916] Chose bitmap format 9
dtor     D               dtor.c:184  _al_register_destructor          [   0.24977] added dtor for object 03BF78F8, func 5D99259F
d3d      D          d3d_bmp.cpp:455  _al_d3d_sync_bitmap              [   0.25161] _al_d3d_sync_bitmap (system) ref count == 1
d3d      D          d3d_bmp.cpp:460  _al_d3d_sync_bitmap              [   0.25164] _al_d3d_sync_bitmap (video) ref count == 1
d3d      D         d3d_disp.cpp:1165 real_choose_bitmap_format        [   0.25276] Fake format
d3d      D         d3d_disp.cpp:1165 real_choose_bitmap_format        [   0.25279] Fake format
d3d      D         d3d_disp.cpp:1165 real_choose_bitmap_format        [   0.25281] Fake format
d3d      D         d3d_disp.cpp:1165 real_choose_bitmap_format        [   0.25283] Fake format
d3d      D         d3d_disp.cpp:1165 real_choose_bitmap_format        [   0.25285] Fake format
d3d      D         d3d_disp.cpp:1165 real_choose_bitmap_format        [   0.25287] Fake format
d3d      D         d3d_disp.cpp:1165 real_choose_bitmap_format        [   0.25289] Fake format
d3d      D         d3d_disp.cpp:1165 real_choose_bitmap_format        [   0.25291] Fake format
d3d      D         d3d_disp.cpp:1165 real_choose_bitmap_format        [   0.25293] Fake format
d3d      D         d3d_disp.cpp:1173 real_choose_bitmap_format        [   0.25295] Alpha doesn't match
d3d      D         d3d_disp.cpp:1180 real_choose_bitmap_format        [   0.25297] Adapter format is 23
d3d      D         d3d_disp.cpp:1183 real_choose_bitmap_format        [   0.25300] Found a format
d3d      I         d3d_disp.cpp:2289 _al_d3d_create_bitmap            [   0.25302] Chose bitmap format 9
dtor     D               dtor.c:184  _al_register_destructor          [   0.25366] added dtor for object 03BF7A08, func 5D99259F
d3d      D          d3d_bmp.cpp:455  _al_d3d_sync_bitmap              [   0.25557] _al_d3d_sync_bitmap (system) ref count == 1
d3d      D          d3d_bmp.cpp:460  _al_d3d_sync_bitmap              [   0.25560] _al_d3d_sync_bitmap (video) ref count == 1
system   D            wsystem.c:583  maybe_parent_dir                 [  50.65875] Also searching C:\Users\Michael Moffitt\Documents\GitHub\ATB\src\atb\
system   D            wsystem.c:633  _al_win_safe_load_library        [  50.65909] PathFindOnPath found: C:\Windows\system32\dinput8.dll
system   D            wsystem.c:544  load_library_at_path             [  50.65912] Calling LoadLibrary C:\Windows\system32\dinput8.dll
system   I            wsystem.c:547  load_library_at_path             [  50.66238] Loaded C:\Windows\system32\dinput8.dll
dinput   I           wjoydxnu.c:1042 joydx_merge                      [  50.69934] Merged, num joysticks=0
acodec   I                ogg.c:201  _al_load_ogg_vorbis              [  50.70864] Loading sample data/testmus.ogg.
acodec   D                ogg.c:260  _al_load_ogg_vorbis_f            [  50.71035] channels 1
acodec   D                ogg.c:261  _al_load_ogg_vorbis_f            [  50.71038] word_size 2
acodec   D                ogg.c:262  _al_load_ogg_vorbis_f            [  50.71041] rate 44100
acodec   D                ogg.c:263  _al_load_ogg_vorbis_f            [  50.71043] total_samples 9602104
acodec   D                ogg.c:264  _al_load_ogg_vorbis_f            [  50.71045] total_size 19204208
dtor     D               dtor.c:184  _al_register_destructor          [  52.06093] added dtor for object 03BBFA50, func 5D992383
audio    D          kcm_mixer.c:121  _al_rechannel_matrix             [  52.06107] sample matrix:
audio    D          kcm_mixer.c:127  _al_rechannel_matrix             [  52.06110]  0.500000
audio    D          kcm_mixer.c:127  _al_rechannel_matrix             [  52.06113]  0.500000
d3d      D          d3d_bmp.cpp:455  _al_d3d_sync_bitmap              [  52.10670] _al_d3d_sync_bitmap (system) ref count == 1
d3d      D          d3d_bmp.cpp:460  _al_d3d_sync_bitmap              [  52.10681] _al_d3d_sync_bitmap (video) ref count == 2
d3d      D          d3d_bmp.cpp:455  _al_d3d_sync_bitmap              [  52.10869] _al_d3d_sync_bitmap (system) ref count == 1
d3d      D          d3d_bmp.cpp:460  _al_d3d_sync_bitmap              [  52.10879] _al_d3d_sync_bitmap (video) ref count == 1
d3d      D          d3d_bmp.cpp:455  _al_d3d_sync_bitmap              [  52.11128] _al_d3d_sync_bitmap (system) ref count == 1
d3d      D          d3d_bmp.cpp:460  _al_d3d_sync_bitmap              [  52.11133] _al_d3d_sync_bitmap (video) ref count == 1
d3d      D          d3d_bmp.cpp:455  _al_d3d_sync_bitmap              [  52.11229] _al_d3d_sync_bitmap (system) ref count == 1
d3d      D          d3d_bmp.cpp:460  _al_d3d_sync_bitmap              [  52.11231] _al_d3d_sync_bitmap (video) ref count == 1
d3d      D          d3d_bmp.cpp:455  _al_d3d_sync_bitmap              [  52.11557] _al_d3d_sync_bitmap (system) ref count == 1
d3d      D          d3d_bmp.cpp:460  _al_d3d_sync_bitmap              [  52.11567] _al_d3d_sync_bitmap (video) ref count == 1
d3d      D          d3d_bmp.cpp:455  _al_d3d_sync_bitmap              [  52.11766] _al_d3d_sync_bitmap (system) ref count == 1
d3d      D          d3d_bmp.cpp:460  _al_d3d_sync_bitmap              [  52.11770] _al_d3d_sync_bitmap (video) ref count == 1
d3d      D          d3d_bmp.cpp:455  _al_d3d_sync_bitmap              [  52.11865] _al_d3d_sync_bitmap (system) ref count == 1
d3d      D          d3d_bmp.cpp:460  _al_d3d_sync_bitmap              [  52.11868] _al_d3d_sync_bitmap (video) ref count == 1
d3d      D          d3d_bmp.cpp:455  _al_d3d_sync_bitmap              [  52.11965] _al_d3d_sync_bitmap (system) ref count == 1
d3d      D          d3d_bmp.cpp:460  _al_d3d_sync_bitmap              [  52.11968] _al_d3d_sync_bitmap (video) ref count == 1
d3d      D          d3d_bmp.cpp:455  _al_d3d_sync_bitmap              [  52.12126] _al_d3d_sync_bitmap (system) ref count == 1
d3d      D          d3d_bmp.cpp:460  _al_d3d_sync_bitmap              [  52.12132] _al_d3d_sync_bitmap (video) ref count == 1
d3d      D          d3d_bmp.cpp:455  _al_d3d_sync_bitmap              [  52.12346] _al_d3d_sync_bitmap (system) ref count == 1
d3d      D          d3d_bmp.cpp:460  _al_d3d_sync_bitmap              [  52.12356] _al_d3d_sync_bitmap (video) ref count == 1
d3d      D          d3d_bmp.cpp:455  _al_d3d_sync_bitmap              [  52.12605] _al_d3d_sync_bitmap (system) ref count == 1
d3d      D          d3d_bmp.cpp:460  _al_d3d_sync_bitmap              [  52.12609] _al_d3d_sync_bitmap (video) ref count == 1
d3d      D          d3d_bmp.cpp:455  _al_d3d_sync_bitmap              [  52.12705] _al_d3d_sync_bitmap (system) ref count == 1
d3d      D          d3d_bmp.cpp:460  _al_d3d_sync_bitmap              [  52.12708] _al_d3d_sync_bitmap (video) ref count == 1
d3d      D          d3d_bmp.cpp:455  _al_d3d_sync_bitmap              [  52.12805] _al_d3d_sync_bitmap (system) ref count == 1
d3d      D          d3d_bmp.cpp:460  _al_d3d_sync_bitmap              [  52.12808] _al_d3d_sync_bitmap (video) ref count == 1
d3d      D          d3d_bmp.cpp:455  _al_d3d_sync_bitmap              [  52.12904] _al_d3d_sync_bitmap (system) ref count == 1
d3d      D          d3d_bmp.cpp:460  _al_d3d_sync_bitmap              [  52.12908] _al_d3d_sync_bitmap (video) ref count == 1
d3d      D          d3d_bmp.cpp:455  _al_d3d_sync_bitmap              [  52.13160] _al_d3d_sync_bitmap (system) ref count == 1
d3d      D          d3d_bmp.cpp:460  _al_d3d_sync_bitmap              [  52.13168] _al_d3d_sync_bitmap (video) ref count == 1
d3d      D          d3d_bmp.cpp:455  _al_d3d_sync_bitmap              [  52.13363] _al_d3d_sync_bitmap (system) ref count == 1
d3d      D          d3d_bmp.cpp:460  _al_d3d_sync_bitmap              [  52.13368] _al_d3d_sync_bitmap (video) ref count == 1
d3d      D          d3d_bmp.cpp:455  _al_d3d_sync_bitmap              [  52.13467] _al_d3d_sync_bitmap (system) ref count == 1
d3d      D          d3d_bmp.cpp:460  _al_d3d_sync_bitmap              [  52.13470] _al_d3d_sync_bitmap (video) ref count == 1
